Repertoire Builder - TCR Mode
-----------------------------
Elapsed Time: 01m13s
Models Built: 202
Failed Models: 5
Invalid Inputs: 0
-----------------------------
D035BR-01 - Success
D035BR-02 - Success
D035BR-03 - Success
D035BR-04 - Success, Heavy/Beta chain is highly similar to a PDB entry
D044BM-01 - Success, Heavy/Beta chain is highly similar to a PDB entry
D044BM-02 - Success
D044BM-03 - Success, Heavy/Beta chain is highly similar to a PDB entry
D044BM-04 - Success
D044BM-05 - Success
D044BM-06 - Success, Heavy/Beta chain is highly similar to a PDB entry
D044BM-07 - Success
D044BM-08 - Success, Light/Alpha chain is highly similar to a PDB entry
D044BM-09 - Success
D044BM-10 - Success, Heavy/Beta chain is highly similar to a PDB entry
D044BM-11 - Success, Light/Alpha chain is highly similar to a PDB entry
D044BM-12 - Success
D044BRM1-01 - Success, Light/Alpha chain is highly similar to a PDB entry
D044BRM1-02 - Success
D044BRM1-03 - Success, Light/Alpha chain is highly similar to a PDB entry
D044BRM1-05 - Success
D044BRM1-06 - Success, Heavy/Beta chain is highly similar to a PDB entry, Light/Alpha chain is highly similar to a PDB entry
D044BRM1-07 - Success
D044BRM1-08 - Success, Heavy/Beta chain is highly similar to a PDB entry
D044BRM1-09 - Success, Heavy/Beta chain is highly similar to a PDB entry, Light/Alpha chain is highly similar to a PDB entry
D044BRM1-10 - Success, Light/Alpha chain is highly similar to a PDB entry
D044M1-01 - Success, Heavy/Beta chain is highly similar to a PDB entry, Light/Alpha chain is highly similar to a PDB entry
D044M1-02 - Success, Heavy/Beta chain is highly similar to a PDB entry
D044M1-04 - Success, Heavy/Beta chain is highly similar to a PDB entry, Light/Alpha chain is highly similar to a PDB entry
D044M1-05 - Success, Heavy/Beta chain is highly similar to a PDB entry
D044M1-06 - Success, Heavy/Beta chain is highly similar to a PDB entry, Light/Alpha chain is highly similar to a PDB entry
D044M1-07 - Success, Heavy/Beta chain is highly similar to a PDB entry, Light/Alpha chain is highly similar to a PDB entry
D044M1-08 - Success, Heavy/Beta chain is highly similar to a PDB entry, Light/Alpha chain is highly similar to a PDB entry
D044M1-09 - Success, Heavy/Beta chain is highly similar to a PDB entry
D044M1-10 - Success, Heavy/Beta chain is highly similar to a PDB entry, Light/Alpha chain is highly similar to a PDB entry
D044M1-11 - Success
D044M1-12 - Success, Heavy/Beta chain is highly similar to a PDB entry
D044M1-13 - Success, Heavy/Beta chain is highly similar to a PDB entry
D044M1-14 - Success, Heavy/Beta chain is highly similar to a PDB entry
D044M1-15 - Success, Heavy/Beta chain is highly similar to a PDB entry
D044M1-16 - Success, Heavy/Beta chain is highly similar to a PDB entry
D044M1-17 - Success, Heavy/Beta chain is highly similar to a PDB entry, Light/Alpha chain is highly similar to a PDB entry
D044M1-18 - Success, Heavy/Beta chain is highly similar to a PDB entry, Light/Alpha chain is highly similar to a PDB entry
D044M1-19 - Success, Heavy/Beta chain is highly similar to a PDB entry
D044M1-20 - Success, Heavy/Beta chain is highly similar to a PDB entry
D044M1-21 - Success
D044M1-22 - Success, Heavy/Beta chain is highly similar to a PDB entry
D044M1BM-01 - Success, Heavy/Beta chain is highly similar to a PDB entry
D044M1BM-02 - Failed to model
D044M1BM-03 - Success, Heavy/Beta chain is highly similar to a PDB entry
D044M1BM-04 - Success, Heavy/Beta chain is highly similar to a PDB entry
D044M1BM-05 - Success
D044M1BM-06 - Success, Light/Alpha chain is highly similar to a PDB entry
D044M1BM-07 - Success
D044M1BM-08 - Success, Heavy/Beta chain is highly similar to a PDB entry, Light/Alpha chain is highly similar to a PDB entry
D044M1BM-09 - Success, Heavy/Beta chain is highly similar to a PDB entry
D044M1BM-10 - Success, Light/Alpha chain is highly similar to a PDB entry
D044M1BM-11 - Success, Light/Alpha chain is highly similar to a PDB entry
D044M1BM-12 - Success, Heavy/Beta chain is highly similar to a PDB entry, Light/Alpha chain is highly similar to a PDB entry
D044M1BM-13 - Success, Heavy/Beta chain is highly similar to a PDB entry, Light/Alpha chain is highly similar to a PDB entry
D044M1BM-14 - Success
D044M1BM-15 - Success
D044M1BM-16 - Success
D044M1BM-17 - Success, Heavy/Beta chain is highly similar to a PDB entry, Light/Alpha chain is highly similar to a PDB entry
D044M1BM-18 - Success, Light/Alpha chain is highly similar to a PDB entry
D044M1BM-19 - Success
D044M1BM-20 - Success, Light/Alpha chain is highly similar to a PDB entry
D044M1BM-21 - Success
D044M1BM-22 - Success
D044M1BR01 - Success
D044M1BR02 - Success, Heavy/Beta chain is highly similar to a PDB entry, Light/Alpha chain is highly similar to a PDB entry
D044M1BR03 - Success
D044M1BR04 - Success
D0BRM1-04 - Success
ES179BRM1-01 - Success
ES179BRM1-02 - Success, Light/Alpha chain is highly similar to a PDB entry
ES179BRM1-03 - Success, Heavy/Beta chain is highly similar to a PDB entry
ES179BRM1-04 - Success
ES179BRM1-05 - Success, Heavy/Beta chain is highly similar to a PDB entry, Light/Alpha chain is highly similar to a PDB entry
ES179BRM1-06 - Success, Light/Alpha chain is highly similar to a PDB entry
ES179BRM1-07 - Success, Heavy/Beta chain is highly similar to a PDB entry
ES179BRM1-08 - Success, Heavy/Beta chain is highly similar to a PDB entry, Light/Alpha chain is highly similar to a PDB entry
ES179BRM1-09 - Success, Heavy/Beta chain is highly similar to a PDB entry, Light/Alpha chain is highly similar to a PDB entry
ES179BRM1-10 - Success, Heavy/Beta chain is highly similar to a PDB entry
ES179M1-01 - Success, Heavy/Beta chain is highly similar to a PDB entry
ES179M1-02 - Success, Heavy/Beta chain is highly similar to a PDB entry
ES179M1-03 - Success, Heavy/Beta chain is highly similar to a PDB entry
ES179M1-04 - Success, Heavy/Beta chain is highly similar to a PDB entry, Light/Alpha chain is highly similar to a PDB entry
ES179M1-05 - Success, Heavy/Beta chain is highly similar to a PDB entry
ES179M1BR-01 - Success
ES179M1BR-02 - Success
ES179M1BR-03 - Success, Light/Alpha chain is highly similar to a PDB entry
ES179M1BR-04 - Success, Heavy/Beta chain is highly similar to a PDB entry
ES179M1BR-05 - Success
ES179M1BR-06 - Success
ES179M1BR-07 - Success
ES179M1BR-08 - Success, Heavy/Beta chain is highly similar to a PDB entry
ES179M1BR-09 - Success
ES179M1BR-10 - Success, Heavy/Beta chain is highly similar to a PDB entry
ES179M1BR-11 - Success
ES179M1BR-12 - Success
ES179M1BR-13 - Success
ES179M1BR-14 - Success
ES179M1BR-15 - Success, Heavy/Beta chain is highly similar to a PDB entry
ES179M1BR-16 - Success, Light/Alpha chain is highly similar to a PDB entry
ES179M1BR-17 - Success
ES179M1BR01 - Success, Heavy/Beta chain is highly similar to a PDB entry
ES179M1BR02 - Success, Heavy/Beta chain is highly similar to a PDB entry
ES179M1BR03 - Success
ES179M1BR04 - Success
ES179M1BR05 - Success
ES179M1BR06 - Success
ES179M1BR07 - Success, Heavy/Beta chain is highly similar to a PDB entry
ES179M1BR08 - Success
ES179M1BR09 - Success, Heavy/Beta chain is highly similar to a PDB entry
ES179M1BR10 - Success, Heavy/Beta chain is highly similar to a PDB entry, Light/Alpha chain is highly similar to a PDB entry
ES179M1BR11 - Success, Heavy/Beta chain is highly similar to a PDB entry
ES179M1BR12 - Success, Heavy/Beta chain is highly similar to a PDB entry, Light/Alpha chain is highly similar to a PDB entry
ES179M1BR13 - Success
ES556BM-01 - Success, Heavy/Beta chain is highly similar to a PDB entry
ES556BM-02 - Success, Heavy/Beta chain is highly similar to a PDB entry
ES556BM-03 - Success
ES556BM-04 - Success
ES556BM-05 - Success, Heavy/Beta chain is highly similar to a PDB entry
ES556BM-06 - Success
ES556BM-07 - Success
ES556BM-08 - Success
ES556BM-09 - Success
ES556BM-10 - Success, Heavy/Beta chain is highly similar to a PDB entry
ES556BM-11 - Success
ES556BM-12 - Success, Heavy/Beta chain is highly similar to a PDB entry
ES556BM-13 - Success
ES556BM-14 - Success
ES556BM-15 - Success
ES556BM-16 - Success
ES556BM-17 - Success
ES556BM-18 - Success
ES556BM-19 - Success
ES556BM-20 - Success
ES556BM-21 - Success
ES556BM-22 - Success
ES556BM-23 - Success
ES556BM-24 - Success
ES556BR-01 - Success
ES556BR-02 - Success
ES556BR-03 - Success, Heavy/Beta chain is highly similar to a PDB entry, Light/Alpha chain is highly similar to a PDB entry
ES556BR-04 - Success
ES556BR-05 - Success
ES556BR-06 - Success
ES556BR-07 - Success, Heavy/Beta chain is highly similar to a PDB entry, Light/Alpha chain is highly similar to a PDB entry
ES556BR-08 - Success
ES556BR-09 - Success
ES556BR-10 - Success, Heavy/Beta chain is highly similar to a PDB entry, Light/Alpha chain is highly similar to a PDB entry
ES556BR-11 - Success
ES556BR-12 - Failed to model
ES556BR-13 - Success
ES556BR-14 - Success, Heavy/Beta chain is highly similar to a PDB entry
ES556BR-15 - Success, Heavy/Beta chain is highly similar to a PDB entry, Light/Alpha chain is highly similar to a PDB entry
ES556M1-01 - Success, Heavy/Beta chain is highly similar to a PDB entry
ES556M1-02 - Success, Heavy/Beta chain is highly similar to a PDB entry, Light/Alpha chain is highly similar to a PDB entry
ES556M1-03 - Success
ES556M1-04 - Success, Heavy/Beta chain is highly similar to a PDB entry, Light/Alpha chain is highly similar to a PDB entry
ES556M1-05 - Success, Heavy/Beta chain is highly similar to a PDB entry
ES556M1-06 - Success, Heavy/Beta chain is highly similar to a PDB entry, Light/Alpha chain is highly similar to a PDB entry
ES556M1-07 - Success, Heavy/Beta chain is highly similar to a PDB entry, Light/Alpha chain is highly similar to a PDB entry
ES556M1-08 - Success, Heavy/Beta chain is highly similar to a PDB entry
ES556M1-09 - Success, Heavy/Beta chain is highly similar to a PDB entry, Light/Alpha chain is highly similar to a PDB entry
ES556M1-10 - Success, Heavy/Beta chain is highly similar to a PDB entry, Light/Alpha chain is highly similar to a PDB entry
ES556M1-11 - Success, Heavy/Beta chain is highly similar to a PDB entry
ES556M1-12 - Success, Heavy/Beta chain is highly similar to a PDB entry
ES556M1-13 - Success, Heavy/Beta chain is highly similar to a PDB entry
ES556M1-14 - Success, Heavy/Beta chain is highly similar to a PDB entry, Light/Alpha chain is highly similar to a PDB entry
ES556M1-15 - Success, Heavy/Beta chain is highly similar to a PDB entry
ES556M1-16 - Success, Heavy/Beta chain is highly similar to a PDB entry, Light/Alpha chain is highly similar to a PDB entry
ES556M1-17 - Success, Heavy/Beta chain is highly similar to a PDB entry, Light/Alpha chain is highly similar to a PDB entry
ES556M1-18 - Success, Heavy/Beta chain is highly similar to a PDB entry, Light/Alpha chain is highly similar to a PDB entry
ES556M1-19 - Success, Heavy/Beta chain is highly similar to a PDB entry, Light/Alpha chain is highly similar to a PDB entry
ES556M1-20 - Success, Heavy/Beta chain is highly similar to a PDB entry, Light/Alpha chain is highly similar to a PDB entry
ES556M1BM-01 - Failed to model
ES556M1BM-02 - Success, Heavy/Beta chain is highly similar to a PDB entry, Light/Alpha chain is highly similar to a PDB entry
ES556M1BM-03 - Success, Heavy/Beta chain is highly similar to a PDB entry, Light/Alpha chain is highly similar to a PDB entry
ES556M1BM-04 - Success
ES556M1BM-05 - Success
ES556M1BM-06 - Success, Heavy/Beta chain is highly similar to a PDB entry
ES556M1BM-07 - Success, Heavy/Beta chain is highly similar to a PDB entry, Light/Alpha chain is highly similar to a PDB entry
ES556M1BM-08 - Failed to model
ES556M1BM-09 - Success, Heavy/Beta chain is highly similar to a PDB entry, Light/Alpha chain is highly similar to a PDB entry
ES556M1BM-10 - Success
ES556M1BR-01 - Success, Heavy/Beta chain is highly similar to a PDB entry
ES556M1BR-02 - Success
ES556M1BR-03 - Success
ES556M1BR-04 - Success
ES556M1BR-05 - Success
ES556M1BR-06 - Success, Light/Alpha chain is highly similar to a PDB entry
ES556M1BR-07 - Success
ES556M1BR-08 - Success
ES556M1BR-09 - Success
ES556M1BR-10 - Failed to model
ES556M1BR-11 - Success
ES556M1BR-12 - Success
ES556M1BR-13 - Success
ES556M1BR-14 - Success
ES556M1BR-15 - Success, Heavy/Beta chain is highly similar to a PDB entry
ES556M1BR-16 - Success
ES556M1BR-17 - Success, Heavy/Beta chain is highly similar to a PDB entry
ES556M1BR-18 - Success, Heavy/Beta chain is highly similar to a PDB entry, Light/Alpha chain is highly similar to a PDB entry
ES556M1BR-19 - Success
ES556M1BR-20 - Success
